[0;32m[2025-08-15 05:44:41][0m Starting GraphRAG Production Deployment...
[0;32m[2025-08-15 05:44:41][0m Checking OS compatibility...
[0;34m[INFO][0m OS: ubuntu 25.04
[0;32m[2025-08-15 05:44:41][0m Checking system resources...
[0;34m[INFO][0m RAM: 11675MB
[0;34m[INFO][0m Disk space: 92GB available
[0;32m[2025-08-15 05:44:41][0m Checking Docker installation...
[0;34m[INFO][0m Docker is already installed: Docker version 28.3.3, build 980b856
[0;32m[2025-08-15 05:44:41][0m Checking Nginx installation...
[0;34m[INFO][0m Nginx is already installed: nginx version: nginx/1.26.3 (Ubuntu)
[0;32m[2025-08-15 05:44:41][0m Setting up environment variables...
[0;34m[INFO][0m .env file already exists
[0;32m[2025-08-15 05:44:41][0m Creating necessary directories...
[0;32m[2025-08-15 05:44:41][0m Directories created successfully!
[0;32m[2025-08-15 05:44:41][0m Creating sample data...
[0;32m[2025-08-15 05:44:41][0m Sample data created!
[0;32m[2025-08-15 05:44:41][0m Configuring Docker for production...
[0;32m[2025-08-15 05:44:47][0m Docker configured for production!
[0;32m[2025-08-15 05:44:47][0m Setting up DNS for Neo4j subdomain...
[0;34m[INFO][0m Please add the following DNS record to your Namecheap account:
[0;34m[INFO][0m Type: A Record
[0;34m[INFO][0m Host: neo4j
[0;34m[INFO][0m Value: 35.153.160.50
[0;34m[INFO][0m TTL: Automatic
