[0;32m[2025-08-15 05:46:48][0m Starting GraphRAG Production Deployment...
[0;32m[2025-08-15 05:46:48][0m Checking OS compatibility...
[0;34m[INFO][0m OS: ubuntu 25.04
[0;32m[2025-08-15 05:46:48][0m Checking system resources...
[0;34m[INFO][0m RAM: 11675MB
[0;34m[INFO][0m Disk space: 92GB available
[0;32m[2025-08-15 05:46:48][0m Checking Docker installation...
[0;34m[INFO][0m Docker is already installed: Docker version 28.3.3, build 980b856
[0;32m[2025-08-15 05:46:48][0m Checking Nginx installation...
[0;34m[INFO][0m Nginx is already installed: nginx version: nginx/1.26.3 (Ubuntu)
[0;32m[2025-08-15 05:46:48][0m Setting up environment variables...
[0;34m[INFO][0m .env file already exists
[0;32m[2025-08-15 05:46:48][0m Creating necessary directories...
[0;32m[2025-08-15 05:46:48][0m Directories created successfully!
[0;32m[2025-08-15 05:46:48][0m Creating sample data...
[0;32m[2025-08-15 05:46:48][0m Sample data created!
[0;32m[2025-08-15 05:46:48][0m Configuring Docker for production...
[0;32m[2025-08-15 05:46:55][0m Docker configured for production!
[0;32m[2025-08-15 05:46:55][0m Setting up DNS for Neo4j subdomain...
[0;34m[INFO][0m Please add the following DNS record to your Namecheap account:
[0;34m[INFO][0m Type: A Record
[0;34m[INFO][0m Host: neo4j
[0;34m[INFO][0m Value: 51.38.237.181
[0;34m[INFO][0m TTL: Automatic
[0;32m[2025-08-15 05:47:57][0m Verifying DNS propagation...
[0;32m[2025-08-15 05:47:57][0m DNS configured successfully!
[0;32m[2025-08-15 05:47:57][0m Setting up SSL certificates...
[0;32m[2025-08-15 05:47:58][0m Obtaining SSL certificate for graphrag.faaizshah.com...
[0;32m[2025-08-15 05:47:59][0m Obtaining SSL certificate for neo4j-graphrag.faaizshah.com...
[0;32m[2025-08-15 05:48:01][0m SSL certificates configured successfully!
[0;32m[2025-08-15 05:48:01][0m Configuring Nginx...
[0;32m[2025-08-15 05:48:01][0m Nginx configured successfully!
[0;32m[2025-08-15 05:48:01][0m Building and deploying GraphRAG...
[0;32m[2025-08-15 05:48:18][0m Building Docker images...
